2001.04.07 04:07 B D:\Downloads\Htdocs\users\verb\jce98\photos\alley_and_fire_escape.jpg <-- Predicate /tamarac/Htdocs/users/verb/jce98/photos alley_and_fire_escape.jpg
2001.04.07 04:07 B D:\Downloads\Htdocs\users\verb\jce98\photos\american_inn.jpg <-- Predicate /tamarac/Htdocs/users/verb/jce98/photos american_inn.jpg
2001.04.07 04:07 B D:\Downloads\Htdocs\users\verb\jce98\photos\bean_wilde.jpg <-- Predicate /tamarac/Htdocs/users/verb/jce98/photos bean_wilde.jpg
2001.04.07 04:07 B D:\Downloads\Htdocs\users\verb\jce98\photos\beck_boots.jpg <-- Predicate /tamarac/Htdocs/users/verb/jce98/photos beck_boots.jpg
2001.04.07 04:07 B D:\Downloads\Htdocs\users\verb\jce98\photos\beck_contemplative.jpg <-- Predicate /tamarac/Htdocs/users/verb/jce98/photos beck_contemplative.jpg
2001.04.07 04:07 B D:\Downloads\Htdocs\users\verb\jce98\photos\beck_profile.jpg <-- Predicate /tamarac/Htdocs/users/verb/jce98/photos beck_profile.jpg
2001.04.07 04:07 B D:\Downloads\Htdocs\users\verb\jce98\photos\beck_shadowed.jpg <-- Predicate /tamarac/Htdocs/users/verb/jce98/photos beck_shadowed.jpg
2001.04.07 04:07 B D:\Downloads\Htdocs\users\verb\jce98\photos\boat_horizontal.jpg <-- Predicate /tamarac/Htdocs/users/verb/jce98/photos boat_horizontal.jpg
2001.04.07 04:07 B D:\Downloads\Htdocs\users\verb\jce98\photos\boat_vertical.jpg <-- Predicate /tamarac/Htdocs/users/verb/jce98/photos boat_vertical.jpg
2001.04.07 04:07 B D:\Downloads\Htdocs\users\verb\jce98\photos\bombed_building.jpg <-- Predicate /tamarac/Htdocs/users/verb/jce98/photos bombed_building.jpg
2001.04.07 04:07 B D:\Downloads\Htdocs\users\verb\jce98\photos\clouds.jpg <-- Predicate /tamarac/Htdocs/users/verb/jce98/photos clouds.jpg
2001.04.07 04:07 B D:\Downloads\Htdocs\users\verb\jce98\photos\colored_spotlights.jpg <-- Predicate /tamarac/Htdocs/users/verb/jce98/photos colored_spotlights.jpg
2001.04.07 04:07 B D:\Downloads\Htdocs\users\verb\jce98\photos\fountain.jpg <-- Predicate /tamarac/Htdocs/users/verb/jce98/photos fountain.jpg
2001.04.07 04:07 B D:\Downloads\Htdocs\users\verb\jce98\photos\gang_downtown.jpg <-- Predicate /tamarac/Htdocs/users/verb/jce98/photos gang_downtown.jpg
2001.04.07 04:07 B D:\Downloads\Htdocs\users\verb\jce98\photos\goldfish_bowl.jpg <-- Predicate /tamarac/Htdocs/users/verb/jce98/photos goldfish_bowl.jpg
2001.04.07 04:07 B D:\Downloads\Htdocs\users\verb\jce98\photos\greg_closeup.jpg <-- Predicate /tamarac/Htdocs/users/verb/jce98/photos greg_closeup.jpg
2001.04.07 04:07 B D:\Downloads\Htdocs\users\verb\jce98\photos\guitarist_backlit.jpg <-- Predicate /tamarac/Htdocs/users/verb/jce98/photos guitarist_backlit.jpg
2001.04.07 04:07 B D:\Downloads\Htdocs\users\verb\jce98\photos\jason_by_door_cropped.jpg <-- Predicate /tamarac/Htdocs/users/verb/jce98/photos jason_by_door_cropped.jpg
2001.04.07 04:07 B D:\Downloads\Htdocs\users\verb\jce98\photos\jason_by_sawhorses.jpg <-- Predicate /tamarac/Htdocs/users/verb/jce98/photos jason_by_sawhorses.jpg
2001.04.07 04:07 B D:\Downloads\Htdocs\users\verb\jce98\photos\jason_by_wooden_door.jpg <-- Predicate /tamarac/Htdocs/users/verb/jce98/photos jason_by_wooden_door.jpg
2001.04.07 04:07 B D:\Downloads\Htdocs\users\verb\jce98\photos\jason_carrying_keyboard.jpg <-- Predicate /tamarac/Htdocs/users/verb/jce98/photos jason_carrying_keyboard.jpg
2001.04.07 04:07 B D:\Downloads\Htdocs\users\verb\jce98\photos\jason_rachel_basement.jpg <-- Predicate /tamarac/Htdocs/users/verb/jce98/photos jason_rachel_basement.jpg
2001.04.07 04:07 B D:\Downloads\Htdocs\users\verb\jce98\photos\jason_tilted_with_speakers.jpg <-- Predicate /tamarac/Htdocs/users/verb/jce98/photos jason_tilted_with_speakers.jpg
2001.04.07 04:07 B D:\Downloads\Htdocs\users\verb\jce98\photos\jason_with_fishes.jpg <-- Predicate /tamarac/Htdocs/users/verb/jce98/photos jason_with_fishes.jpg
2001.04.07 04:07 B D:\Downloads\Htdocs\users\verb\jce98\photos\jasons_hair.jpg <-- Predicate /tamarac/Htdocs/users/verb/jce98/photos jasons_hair.jpg
2001.04.07 04:07 B D:\Downloads\Htdocs\users\verb\jce98\photos\no_skateboards.jpg <-- Predicate /tamarac/Htdocs/users/verb/jce98/photos no_skateboards.jpg
2001.04.07 04:07 B D:\Downloads\Htdocs\users\verb\jce98\photos\park_bench.jpg <-- Predicate /tamarac/Htdocs/users/verb/jce98/photos park_bench.jpg
2001.04.07 04:07 B D:\Downloads\Htdocs\users\verb\jce98\photos\reserved_parking.jpg <-- Predicate /tamarac/Htdocs/users/verb/jce98/photos reserved_parking.jpg
2001.04.07 04:07 B D:\Downloads\Htdocs\users\verb\jce98\photos\sawhorses_and_wall.jpg <-- Predicate /tamarac/Htdocs/users/verb/jce98/photos sawhorses_and_wall.jpg
2001.04.07 04:07 B D:\Downloads\Htdocs\users\verb\jce98\photos\shadow_people.jpg <-- Predicate /tamarac/Htdocs/users/verb/jce98/photos shadow_people.jpg
2001.04.07 04:07 B D:\Downloads\Htdocs\users\verb\jce98\photos\speakers_and_keyboard.jpg <-- Predicate /tamarac/Htdocs/users/verb/jce98/photos speakers_and_keyboard.jpg
2001.04.07 04:07 B D:\Downloads\Htdocs\users\verb\jce98\photos\staircase_horizontal.jpg <-- Predicate /tamarac/Htdocs/users/verb/jce98/photos staircase_horizontal.jpg
2001.04.07 04:07 B D:\Downloads\Htdocs\users\verb\jce98\photos\stairs_vertical.jpg <-- Predicate /tamarac/Htdocs/users/verb/jce98/photos stairs_vertical.jpg
2001.04.07 04:07 B D:\Downloads\Htdocs\users\verb\jce98\photos\television.jpg <-- Predicate /tamarac/Htdocs/users/verb/jce98/photos television.jpg
