2001.04.07 04:04 B D:\Downloads\Htdocs\users\verb\cstone\images\700club.jpg <-- Predicate /tamarac/Htdocs/users/verb/cstone/images 700club.jpg
2001.04.07 04:04 B D:\Downloads\Htdocs\users\verb\cstone\images\accomodations.jpg <-- Predicate /tamarac/Htdocs/users/verb/cstone/images accomodations.jpg
2001.04.07 04:04 B D:\Downloads\Htdocs\users\verb\cstone\images\aleixaconcert.jpg <-- Predicate /tamarac/Htdocs/users/verb/cstone/images aleixaconcert.jpg
2001.04.07 04:04 B D:\Downloads\Htdocs\users\verb\cstone\images\art_title.gif <-- Predicate /tamarac/Htdocs/users/verb/cstone/images art_title.gif
2001.04.07 04:04 B D:\Downloads\Htdocs\users\verb\cstone\images\bathtub.jpg <-- Predicate /tamarac/Htdocs/users/verb/cstone/images bathtub.jpg
2001.04.07 04:04 B D:\Downloads\Htdocs\users\verb\cstone\images\bladerunner.jpg <-- Predicate /tamarac/Htdocs/users/verb/cstone/images bladerunner.jpg
2001.04.07 04:04 B D:\Downloads\Htdocs\users\verb\cstone\images\board_and_tents.jpg <-- Predicate /tamarac/Htdocs/users/verb/cstone/images board_and_tents.jpg
2001.04.07 04:04 B D:\Downloads\Htdocs\users\verb\cstone\images\bushnell.jpg <-- Predicate /tamarac/Htdocs/users/verb/cstone/images bushnell.jpg
2001.04.07 04:04 B D:\Downloads\Htdocs\users\verb\cstone\images\camcorder.jpg <-- Predicate /tamarac/Htdocs/users/verb/cstone/images camcorder.jpg
2001.04.07 04:04 B D:\Downloads\Htdocs\users\verb\cstone\images\canadians.jpg <-- Predicate /tamarac/Htdocs/users/verb/cstone/images canadians.jpg
2001.04.07 04:04 B D:\Downloads\Htdocs\users\verb\cstone\images\cart.jpg <-- Predicate /tamarac/Htdocs/users/verb/cstone/images cart.jpg
2001.04.07 04:04 B D:\Downloads\Htdocs\users\verb\cstone\images\cloud2ground.jpg <-- Predicate /tamarac/Htdocs/users/verb/cstone/images cloud2ground.jpg
2001.04.07 04:04 B D:\Downloads\Htdocs\users\verb\cstone\images\cool_hair.gif <-- Predicate /tamarac/Htdocs/users/verb/cstone/images cool_hair.gif
2001.04.07 04:04 B D:\Downloads\Htdocs\users\verb\cstone\images\cornerstone.gif <-- Predicate /tamarac/Htdocs/users/verb/cstone/images cornerstone.gif
2001.04.07 04:04 B D:\Downloads\Htdocs\users\verb\cstone\images\crowd.jpg <-- Predicate /tamarac/Htdocs/users/verb/cstone/images crowd.jpg
2001.04.07 04:04 B D:\Downloads\Htdocs\users\verb\cstone\images\day1.gif <-- Predicate /tamarac/Htdocs/users/verb/cstone/images day1.gif
2001.04.07 04:04 B D:\Downloads\Htdocs\users\verb\cstone\images\day2.gif <-- Predicate /tamarac/Htdocs/users/verb/cstone/images day2.gif
2001.04.07 04:04 B D:\Downloads\Htdocs\users\verb\cstone\images\day3.gif <-- Predicate /tamarac/Htdocs/users/verb/cstone/images day3.gif
2001.04.07 04:04 B D:\Downloads\Htdocs\users\verb\cstone\images\day4.gif <-- Predicate /tamarac/Htdocs/users/verb/cstone/images day4.gif
2001.04.07 04:04 B D:\Downloads\Htdocs\users\verb\cstone\images\day5.gif <-- Predicate /tamarac/Htdocs/users/verb/cstone/images day5.gif
2001.04.07 04:04 B D:\Downloads\Htdocs\users\verb\cstone\images\dimonda.jpg <-- Predicate /tamarac/Htdocs/users/verb/cstone/images dimonda.jpg
2001.04.07 04:04 B D:\Downloads\Htdocs\users\verb\cstone\images\dothedew.jpg <-- Predicate /tamarac/Htdocs/users/verb/cstone/images dothedew.jpg
2001.04.07 04:04 B D:\Downloads\Htdocs\users\verb\cstone\images\drummer.jpg <-- Predicate /tamarac/Htdocs/users/verb/cstone/images drummer.jpg
2001.04.07 04:04 B D:\Downloads\Htdocs\users\verb\cstone\images\fireworks.jpg <-- Predicate /tamarac/Htdocs/users/verb/cstone/images fireworks.jpg
2001.04.07 04:04 B D:\Downloads\Htdocs\users\verb\cstone\images\foods.jpg <-- Predicate /tamarac/Htdocs/users/verb/cstone/images foods.jpg
2001.04.07 04:04 B D:\Downloads\Htdocs\users\verb\cstone\images\geeks.gif <-- Predicate /tamarac/Htdocs/users/verb/cstone/images geeks.gif
2001.04.07 04:04 B D:\Downloads\Htdocs\users\verb\cstone\images\graffiti.jpg <-- Predicate /tamarac/Htdocs/users/verb/cstone/images graffiti.jpg
2001.04.07 04:04 B D:\Downloads\Htdocs\users\verb\cstone\images\great_finds.gif <-- Predicate /tamarac/Htdocs/users/verb/cstone/images great_finds.gif
2001.04.07 04:04 B D:\Downloads\Htdocs\users\verb\cstone\images\guitar.jpg <-- Predicate /tamarac/Htdocs/users/verb/cstone/images guitar.jpg
2001.04.07 04:04 B D:\Downloads\Htdocs\users\verb\cstone\images\hair_collage.jpg <-- Predicate /tamarac/Htdocs/users/verb/cstone/images hair_collage.jpg
2001.04.07 04:04 B D:\Downloads\Htdocs\users\verb\cstone\images\imaginarium.jpg <-- Predicate /tamarac/Htdocs/users/verb/cstone/images imaginarium.jpg
2001.04.07 04:04 B D:\Downloads\Htdocs\users\verb\cstone\images\joeyday1.jpg <-- Predicate /tamarac/Htdocs/users/verb/cstone/images joeyday1.jpg
2001.04.07 04:04 B D:\Downloads\Htdocs\users\verb\cstone\images\lotsa_mud.jpg <-- Predicate /tamarac/Htdocs/users/verb/cstone/images lotsa_mud.jpg
2001.04.07 04:04 B D:\Downloads\Htdocs\users\verb\cstone\images\loudflower.jpg <-- Predicate /tamarac/Htdocs/users/verb/cstone/images loudflower.jpg
2001.04.07 04:04 B D:\Downloads\Htdocs\users\verb\cstone\images\macos.gif <-- Predicate /tamarac/Htdocs/users/verb/cstone/images macos.gif
2001.04.07 04:04 B D:\Downloads\Htdocs\users\verb\cstone\images\mailme.gif <-- Predicate /tamarac/Htdocs/users/verb/cstone/images mailme.gif
2001.04.07 04:04 B D:\Downloads\Htdocs\users\verb\cstone\images\main_title.gif <-- Predicate /tamarac/Htdocs/users/verb/cstone/images main_title.gif
2001.04.07 04:05 B D:\Downloads\Htdocs\users\verb\cstone\images\mainstage.jpg <-- Predicate /tamarac/Htdocs/users/verb/cstone/images mainstage.jpg
2001.04.07 04:05 B D:\Downloads\Htdocs\users\verb\cstone\images\mainstage_setup.jpg <-- Predicate /tamarac/Htdocs/users/verb/cstone/images mainstage_setup.jpg
2001.04.07 04:05 B D:\Downloads\Htdocs\users\verb\cstone\images\mud_n_hustle.jpg <-- Predicate /tamarac/Htdocs/users/verb/cstone/images mud_n_hustle.jpg
2001.04.07 04:05 B D:\Downloads\Htdocs\users\verb\cstone\images\mural.jpg <-- Predicate /tamarac/Htdocs/users/verb/cstone/images mural.jpg
2001.04.07 04:05 B D:\Downloads\Htdocs\users\verb\cstone\images\nateboards.jpg <-- Predicate /tamarac/Htdocs/users/verb/cstone/images nateboards.jpg
2001.04.07 04:05 B D:\Downloads\Htdocs\users\verb\cstone\images\packing.jpg <-- Predicate /tamarac/Htdocs/users/verb/cstone/images packing.jpg
2001.04.07 04:05 B D:\Downloads\Htdocs\users\verb\cstone\images\path.jpg <-- Predicate /tamarac/Htdocs/users/verb/cstone/images path.jpg
2001.04.07 04:05 B D:\Downloads\Htdocs\users\verb\cstone\images\picnic1.jpg <-- Predicate /tamarac/Htdocs/users/verb/cstone/images picnic1.jpg
2001.04.07 04:05 B D:\Downloads\Htdocs\users\verb\cstone\images\picnic2.jpg <-- Predicate /tamarac/Htdocs/users/verb/cstone/images picnic2.jpg
2001.04.07 04:05 B D:\Downloads\Htdocs\users\verb\cstone\images\picnic_crowd.jpg <-- Predicate /tamarac/Htdocs/users/verb/cstone/images picnic_crowd.jpg
2001.04.07 04:05 B D:\Downloads\Htdocs\users\verb\cstone\images\picnic_people.jpg <-- Predicate /tamarac/Htdocs/users/verb/cstone/images picnic_people.jpg
2001.04.07 04:05 B D:\Downloads\Htdocs\users\verb\cstone\images\players_campers.jpg <-- Predicate /tamarac/Htdocs/users/verb/cstone/images players_campers.jpg
2001.04.07 04:05 B D:\Downloads\Htdocs\users\verb\cstone\images\rain.jpg <-- Predicate /tamarac/Htdocs/users/verb/cstone/images rain.jpg
2001.04.07 04:05 B D:\Downloads\Htdocs\users\verb\cstone\images\rave.jpg <-- Predicate /tamarac/Htdocs/users/verb/cstone/images rave.jpg
2001.04.07 04:05 B D:\Downloads\Htdocs\users\verb\cstone\images\ravesat.jpg <-- Predicate /tamarac/Htdocs/users/verb/cstone/images ravesat.jpg
2001.04.07 04:05 B D:\Downloads\Htdocs\users\verb\cstone\images\ravethurs.jpg <-- Predicate /tamarac/Htdocs/users/verb/cstone/images ravethurs.jpg
2001.04.07 04:05 B D:\Downloads\Htdocs\users\verb\cstone\images\ravethursday.jpg <-- Predicate /tamarac/Htdocs/users/verb/cstone/images ravethursday.jpg
2001.04.07 04:05 B D:\Downloads\Htdocs\users\verb\cstone\images\rmc_stuff.jpg <-- Predicate /tamarac/Htdocs/users/verb/cstone/images rmc_stuff.jpg
2001.04.07 04:05 B D:\Downloads\Htdocs\users\verb\cstone\images\rmcers.jpg <-- Predicate /tamarac/Htdocs/users/verb/cstone/images rmcers.jpg
2001.04.07 04:05 B D:\Downloads\Htdocs\users\verb\cstone\images\sales.jpg <-- Predicate /tamarac/Htdocs/users/verb/cstone/images sales.jpg
2001.04.07 04:05 B D:\Downloads\Htdocs\users\verb\cstone\images\shirts.jpg <-- Predicate /tamarac/Htdocs/users/verb/cstone/images shirts.jpg
2001.04.07 04:05 B D:\Downloads\Htdocs\users\verb\cstone\images\shirtsnspock.jpg <-- Predicate /tamarac/Htdocs/users/verb/cstone/images shirtsnspock.jpg
2001.04.07 04:05 B D:\Downloads\Htdocs\users\verb\cstone\images\shoes.jpg <-- Predicate /tamarac/Htdocs/users/verb/cstone/images shoes.jpg
2001.04.07 04:05 B D:\Downloads\Htdocs\users\verb\cstone\images\skateboard2.jpg <-- Predicate /tamarac/Htdocs/users/verb/cstone/images skateboard2.jpg
2001.04.07 04:05 B D:\Downloads\Htdocs\users\verb\cstone\images\squeaky_files.gif <-- Predicate /tamarac/Htdocs/users/verb/cstone/images squeaky_files.gif
2001.04.07 04:05 B D:\Downloads\Htdocs\users\verb\cstone\images\squeakycelebs.jpg <-- Predicate /tamarac/Htdocs/users/verb/cstone/images squeakycelebs.jpg
2001.04.07 04:05 B D:\Downloads\Htdocs\users\verb\cstone\images\squeakyfriends.jpg <-- Predicate /tamarac/Htdocs/users/verb/cstone/images squeakyfriends.jpg
2001.04.07 04:05 B D:\Downloads\Htdocs\users\verb\cstone\images\squeakytent.jpg <-- Predicate /tamarac/Htdocs/users/verb/cstone/images squeakytent.jpg
2001.04.07 04:05 B D:\Downloads\Htdocs\users\verb\cstone\images\stayin_alive.gif <-- Predicate /tamarac/Htdocs/users/verb/cstone/images stayin_alive.gif
2001.04.07 04:05 B D:\Downloads\Htdocs\users\verb\cstone\images\sundaybrunch.jpg <-- Predicate /tamarac/Htdocs/users/verb/cstone/images sundaybrunch.jpg
2001.04.07 04:05 B D:\Downloads\Htdocs\users\verb\cstone\images\sundayrave.jpg <-- Predicate /tamarac/Htdocs/users/verb/cstone/images sundayrave.jpg
2001.04.07 04:05 B D:\Downloads\Htdocs\users\verb\cstone\images\supertones.jpg <-- Predicate /tamarac/Htdocs/users/verb/cstone/images supertones.jpg
2001.04.07 04:05 B D:\Downloads\Htdocs\users\verb\cstone\images\supertones_cd.jpg <-- Predicate /tamarac/Htdocs/users/verb/cstone/images supertones_cd.jpg
